<?xml version="1.0" encoding="UTF-8"?>
<!-- Generated by org.testng.reporters.JUnitReportReporter -->
<testsuite hostname="user-PC" failures="0" tests="8" name="PageObject.TC002_GET_Single_Employee" time="0.065" errors="1" timestamp="15 Aug 2022 15:01:00 GMT" skipped="0">
  <testcase classname="PageObject.TC002_GET_Single_Employee" name="checkContentLength" time="0.008">
    <error message="Cannot parse null string" type="java.lang.NumberFormatException">
      <![CDATA[java.lang.NumberFormatException: Cannot parse null string
at java.base/java.lang.Integer.parseInt(Integer.java:630)
at java.base/java.lang.Integer.parseInt(Integer.java:784)
at PageObject.TC002_GET_Single_Employee.checkContentLength(TC002_GET_Single_Employee.java:88)
at java.base/jdk.internal.reflect.DirectMethodHandleAccessor.invoke(DirectMethodHandleAccessor.java:104)
at java.base/java.lang.reflect.Method.invoke(Method.java:577)
at org.testng.internal.MethodInvocationHelper.invokeMethod(MethodInvocationHelper.java:124)
at org.testng.internal.Invoker.invokeMethod(Invoker.java:583)
at org.testng.internal.Invoker.invokeTestMethod(Invoker.java:719)
at org.testng.internal.Invoker.invokeTestMethods(Invoker.java:989)
at org.testng.internal.TestMethodWorker.invokeTestMethods(TestMethodWorker.java:125)
at org.testng.internal.TestMethodWorker.run(TestMethodWorker.java:109)
at org.testng.TestRunner.privateRun(TestRunner.java:648)
at org.testng.TestRunner.run(TestRunner.java:505)
at org.testng.SuiteRunner.runTest(SuiteRunner.java:455)
at org.testng.SuiteRunner.runSequentially(SuiteRunner.java:450)
at org.testng.SuiteRunner.privateRun(SuiteRunner.java:415)
at org.testng.SuiteRunner.run(SuiteRunner.java:364)
at org.testng.SuiteRunnerWorker.runSuite(SuiteRunnerWorker.java:52)
at org.testng.SuiteRunnerWorker.run(SuiteRunnerWorker.java:84)
at org.testng.TestNG.runSuitesSequentially(TestNG.java:1208)
at org.testng.TestNG.runSuitesLocally(TestNG.java:1137)
at org.testng.TestNG.runSuites(TestNG.java:1049)
at org.testng.TestNG.run(TestNG.java:1017)
at org.testng.remote.AbstractRemoteTestNG.run(AbstractRemoteTestNG.java:115)
at org.testng.remote.RemoteTestNG.initAndRun(RemoteTestNG.java:251)
at org.testng.remote.RemoteTestNG.main(RemoteTestNG.java:77)
]]>
    </error>
  </testcase> <!-- checkContentLength -->
  <testcase classname="PageObject.TC002_GET_Single_Employee" name="checkContentEncoding" time="0.007"/>
  <testcase classname="PageObject.TC002_GET_Single_Employee" name="checkStatusCode" time="0.012"/>
  <testcase classname="PageObject.TC002_GET_Single_Employee" name="checkContentType" time="0.007"/>
  <testcase classname="PageObject.TC002_GET_Single_Employee" name="checkStatusLine" time="0.006"/>
  <testcase classname="PageObject.TC002_GET_Single_Employee" name="checkServerType" time="0.007"/>
  <testcase classname="PageObject.TC002_GET_Single_Employee" name="checkResponseBody" time="0.009"/>
  <testcase classname="PageObject.TC002_GET_Single_Employee" name="checkResponseTime" time="0.009"/>
</testsuite> <!-- PageObject.TC002_GET_Single_Employee -->
